<?xml version="1.0" encoding="UTF-8"?>
<!-- Generated by org.testng.reporters.JUnitReportReporter -->
<testsuite skipped="0" hostname="VivideMacBook-Pro.local" name="com.eisoo.anysharetest.InlinkTest" tests="5" failures="0" timestamp="11 Jun 2018 10:04:44 GMT" time="455.406" errors="0">
  <testcase name="n2_delOne" time="112.630" classname="com.eisoo.anysharetest.InlinkTest"/>
  <testcase name="n1_addOne" time="50.916" classname="com.eisoo.anysharetest.InlinkTest"/>
  <testcase name="n3_checkdel" time="98.509" classname="com.eisoo.anysharetest.InlinkTest"/>
  <testcase name="n1_checkAdd" time="72.409" classname="com.eisoo.anysharetest.InlinkTest"/>
  <testcase name="n4_share" time="120.942" classname="com.eisoo.anysharetest.InlinkTest"/>
</testsuite> <!-- com.eisoo.anysharetest.InlinkTest -->
