<?xml version="1.0" encoding="UTF-8"?>
<!-- Generated by org.testng.reporters.JUnitReportReporter -->
<testsuite skipped="0" hostname="VivideMacBook-Pro.local" name="com.eisoo.anysharetest.Mark" tests="2" failures="0" timestamp="04 Apr 2018 08:21:07 GMT" time="52.979" errors="0">
  <testcase name="unmarkAnyFile" time="28.632" classname="com.eisoo.anysharetest.Mark"/>
  <testcase name="markAnyFile" time="24.347" classname="com.eisoo.anysharetest.Mark"/>
</testsuite> <!-- com.eisoo.anysharetest.Mark -->
