<?xml version="1.0" encoding="UTF-8"?>
<!-- Generated by org.testng.reporters.JUnitReportReporter -->
<testsuite skipped="0" hostname="VivideMacBook-Pro.local" name="com.eisoo.anysharetest.ExlinkTest" tests="7" failures="0" timestamp="12 Jun 2018 03:32:39 GMT" time="285.024" errors="0">
  <testcase name="m_copyExlink" time="35.118" classname="com.eisoo.anysharetest.ExlinkTest"/>
  <testcase name="m_shareMMS" time="34.871" classname="com.eisoo.anysharetest.ExlinkTest"/>
  <testcase name="m_closeExlink" time="37.893" classname="com.eisoo.anysharetest.ExlinkTest"/>
  <testcase name="m_shareQQ" time="52.327" classname="com.eisoo.anysharetest.ExlinkTest"/>
  <testcase name="m_shareWeibo" time="58.315" classname="com.eisoo.anysharetest.ExlinkTest"/>
  <testcase name="m_shareEmail" time="38.150" classname="com.eisoo.anysharetest.ExlinkTest"/>
  <testcase name="m_shareWechat" time="28.350" classname="com.eisoo.anysharetest.ExlinkTest"/>
</testsuite> <!-- com.eisoo.anysharetest.ExlinkTest -->
