<?xml version="1.0" encoding="UTF-8"?>
<!-- Generated by org.testng.reporters.JUnitReportReporter -->
<testsuite skipped="8" hostname="VivideMacBook-Pro.local" name="com.eisoo.anysharetest.CopyMoveTest" tests="9" failures="0" timestamp="16 Apr 2018 06:32:13 GMT" time="16.676" errors="1">
  <testcase name="moveFiles" time="0.000" classname="com.eisoo.anysharetest.CopyMoveTest">
    <skipped/>
  </testcase> <!-- moveFiles -->
  <testcase name="moveFileSingle" time="0.000" classname="com.eisoo.anysharetest.CopyMoveTest">
    <skipped/>
  </testcase> <!-- moveFileSingle -->
  <testcase name="copyFileSingle" time="0.000" classname="com.eisoo.anysharetest.CopyMoveTest">
    <skipped/>
  </testcase> <!-- copyFileSingle -->
  <testcase name="login" time="16.676" classname="com.eisoo.anysharetest.CopyMoveTest">
    <error type="org.openqa.selenium.WebDriverException" message="An unknown server-side error occurred while processing the command. Original error: UiAUtomator shut down unexpectedly (WARNING: The server did not provide any stacktrace information)
Command duration or timeout: 2.41 seconds
Build info: version: &#039;2.53.0&#039;, revision: &#039;35ae25b1534ae328c771e0856c93e187490ca824&#039;, time: &#039;2016-03-15 10:43:46&#039;
System info: host: &#039;VivideMacBook-Pro.local&#039;, ip: &#039;192.168.2.30&#039;, os.name: &#039;Mac OS X&#039;, os.arch: &#039;x86_64&#039;, os.version: &#039;10.13.2&#039;, java.version: &#039;1.8.0_40&#039;
Driver info: io.appium.java_client.android.AndroidDriver
Capabilities [{appPackage=com.eisoo.anyshare, deviceScreenSize=1080x1920, networkConnectionEnabled=true, noSign=true, warnings={}, databaseEnabled=false, deviceName=PBV0216526000628, platform=LINUX, MobileCapabilityType.AUTOMATION_NAME=Appium, deviceUDID=PBV0216526000628, appActivity=.AppStartActivity, desired={appPackage=com.eisoo.anyshare, appActivity=.AppStartActivity, noSign=true, platformVersion=7.0, unicodeKeyboard=true, sessionOverride=true, platformName=Android, deviceName=testyy, resetKeyboard=true, MobileCapabilityType.AUTOMATION_NAME=Appium}, platformVersion=7.0, webStorageEnabled=false, locationContextEnabled=false, takesScreenshot=true, javascriptEnabled=true, deviceModel=EVA-AL00, unicodeKeyboard=true, sessionOverride=true, platformName=Android, deviceManufacturer=HUAWEI, resetKeyboard=true}]
Session ID: 679fbab8-8a84-4a68-adbf-a4193d85444a">
      <![CDATA[org.openqa.selenium.WebDriverException: An unknown server-side error occurred while processing the command. Original error: UiAUtomator shut down unexpectedly (WARNING: The server did not provide any stacktrace information)
Command duration or timeout: 2.41 seconds
Build info: version: '2.53.0', revision: '35ae25b1534ae328c771e0856c93e187490ca824', time: '2016-03-15 10:43:46'
System info: host: 'VivideMacBook-Pro.local', ip: '192.168.2.30', os.name: 'Mac OS X', os.arch: 'x86_64', os.version: '10.13.2', java.version: '1.8.0_40'
Driver info: io.appium.java_client.android.AndroidDriver
Capabilities [{appPackage=com.eisoo.anyshare, deviceScreenSize=1080x1920, networkConnectionEnabled=true, noSign=true, warnings={}, databaseEnabled=false, deviceName=PBV0216526000628, platform=LINUX, MobileCapabilityType.AUTOMATION_NAME=Appium, deviceUDID=PBV0216526000628, appActivity=.AppStartActivity, desired={appPackage=com.eisoo.anyshare, appActivity=.AppStartActivity, noSign=true, platformVersion=7.0, unicodeKeyboard=true, sessionOverride=true, platformName=Android, deviceName=testyy, resetKeyboard=true, MobileCapabilityType.AUTOMATION_NAME=Appium}, platformVersion=7.0, webStorageEnabled=false, locationContextEnabled=false, takesScreenshot=true, javascriptEnabled=true, deviceModel=EVA-AL00, unicodeKeyboard=true, sessionOverride=true, platformName=Android, deviceManufacturer=HUAWEI, resetKeyboard=true}]
Session ID: 679fbab8-8a84-4a68-adbf-a4193d85444a
	at sun.reflect.NativeConstructorAccessorImpl.newInstance0(Native Method)
	at sun.reflect.NativeConstructorAccessorImpl.newInstance(NativeConstructorAccessorImpl.java:62)
	at sun.reflect.DelegatingConstructorAccessorImpl.newInstance(DelegatingConstructorAccessorImpl.java:45)
	at java.lang.reflect.Constructor.newInstance(Constructor.java:422)
	at org.openqa.selenium.remote.ErrorHandler.createThrowable(ErrorHandler.java:206)
	at org.openqa.selenium.remote.ErrorHandler.throwIfResponseFailed(ErrorHandler.java:158)
	at org.openqa.selenium.remote.RemoteWebDriver.execute(RemoteWebDriver.java:678)
	at io.appium.java_client.DefaultGenericMobileDriver.execute(DefaultGenericMobileDriver.java:42)
	at io.appium.java_client.AppiumDriver.execute(AppiumDriver.java:1)
	at io.appium.java_client.android.AndroidDriver.execute(AndroidDriver.java:1)
	at org.openqa.selenium.remote.RemoteWebElement.execute(RemoteWebElement.java:327)
	at io.appium.java_client.DefaultGenericMobileElement.execute(DefaultGenericMobileElement.java:44)
	at io.appium.java_client.MobileElement.execute(MobileElement.java:1)
	at io.appium.java_client.android.AndroidElement.execute(AndroidElement.java:1)
	at org.openqa.selenium.remote.RemoteWebElement.click(RemoteWebElement.java:85)
	at com.eisoo.anysharetest.BaseTest.clickName(BaseTest.java:70)
	at com.eisoo.anysharetest.BaseTest.agreePerm(BaseTest.java:528)
	at com.eisoo.anysharetest.BaseTest.loginTest(BaseTest.java:405)
	at com.eisoo.anysharetest.CopyMoveTest.login(CopyMoveTest.java:22)
	at sun.reflect.NativeMethodAccessorImpl.invoke0(Native Method)
	at sun.reflect.NativeMethodAccessorImpl.invoke(NativeMethodAccessorImpl.java:62)
	at sun.reflect.DelegatingMethodAccessorImpl.invoke(DelegatingMethodAccessorImpl.java:43)
	at java.lang.reflect.Method.invoke(Method.java:497)
	at org.testng.internal.MethodInvocationHelper.invokeMethod(MethodInvocationHelper.java:108)
	at org.testng.internal.Invoker.invokeConfigurationMethod(Invoker.java:523)
	at org.testng.internal.Invoker.invokeConfigurations(Invoker.java:224)
	at org.testng.internal.Invoker.invokeConfigurations(Invoker.java:146)
	at org.testng.internal.TestMethodWorker.invokeBeforeClassMethods(TestMethodWorker.java:165)
	at org.testng.internal.TestMethodWorker.run(TestMethodWorker.java:105)
	at org.testng.TestRunner.privateRun(TestRunner.java:776)
	at org.testng.TestRunner.run(TestRunner.java:634)
	at org.testng.SuiteRunner.runTest(SuiteRunner.java:425)
	at org.testng.SuiteRunner.runSequentially(SuiteRunner.java:420)
	at org.testng.SuiteRunner.privateRun(SuiteRunner.java:385)
	at org.testng.SuiteRunner.run(SuiteRunner.java:334)
	at org.testng.SuiteRunnerWorker.runSuite(SuiteRunnerWorker.java:52)
	at org.testng.SuiteRunnerWorker.run(SuiteRunnerWorker.java:86)
	at org.testng.TestNG.runSuitesSequentially(TestNG.java:1318)
	at org.testng.TestNG.runSuitesLocally(TestNG.java:1243)
	at org.testng.TestNG.runSuites(TestNG.java:1161)
	at org.testng.TestNG.run(TestNG.java:1129)
	at org.testng.remote.AbstractRemoteTestNG.run(AbstractRemoteTestNG.java:114)
	at org.testng.remote.RemoteTestNG.initAndRun(RemoteTestNG.java:251)
	at org.testng.remote.RemoteTestNG.main(RemoteTestNG.java:77)
]]>
    </error>
  </testcase> <!-- login -->
  <testcase name="copyAllFiles" time="0.000" classname="com.eisoo.anysharetest.CopyMoveTest">
    <skipped/>
  </testcase> <!-- copyAllFiles -->
  <testcase name="moveAllFiles" time="0.000" classname="com.eisoo.anysharetest.CopyMoveTest">
    <skipped/>
  </testcase> <!-- moveAllFiles -->
  <testcase name="copyFile" time="0.000" classname="com.eisoo.anysharetest.CopyMoveTest">
    <skipped/>
  </testcase> <!-- copyFile -->
  <testcase name="copyFiles" time="0.000" classname="com.eisoo.anysharetest.CopyMoveTest">
    <skipped/>
  </testcase> <!-- copyFiles -->
  <testcase name="moveFile" time="0.000" classname="com.eisoo.anysharetest.CopyMoveTest">
    <skipped/>
  </testcase> <!-- moveFile -->
</testsuite> <!-- com.eisoo.anysharetest.CopyMoveTest -->
