<?xml version="1.0" encoding="UTF-8"?>
<!-- Generated by org.testng.reporters.JUnitReportReporter -->
<testsuite skipped="4" hostname="VivideMacBook-Pro.local" name="com.eisoo.anysharetest.StressTest" tests="5" failures="0" timestamp="08 Apr 2018 06:14:18 GMT" time="28.288" errors="0">
  <testcase name="setGesture" time="28.288" classname="com.eisoo.anysharetest.StressTest"/>
  <testcase name="setoffGesture" classname="com.eisoo.anysharetest.StressTest">
    <skipped/>
  </testcase> <!-- setoffGesture -->
  <testcase name="clearCaches" classname="com.eisoo.anysharetest.StressTest">
    <skipped/>
  </testcase> <!-- clearCaches -->
  <testcase name="backupAlbum" classname="com.eisoo.anysharetest.StressTest">
    <skipped/>
  </testcase> <!-- backupAlbum -->
  <testcase name="unlock" classname="com.eisoo.anysharetest.StressTest">
    <skipped/>
  </testcase> <!-- unlock -->
</testsuite> <!-- com.eisoo.anysharetest.StressTest -->
