<?xml version="1.0" encoding="UTF-8"?>
<!-- Generated by org.testng.reporters.JUnitReportReporter -->
<testsuite skipped="0" hostname="VivideMacBook-Pro.local" name="com.eisoo.anysharetest.LoginTest" tests="1" failures="0" timestamp="29 Mar 2018 03:46:39 GMT" time="46.341" errors="0">
  <testcase name="loginDomainTest" time="46.341" classname="com.eisoo.anysharetest.LoginTest"/>
</testsuite> <!-- com.eisoo.anysharetest.LoginTest -->
