<?xml version="1.0" encoding="UTF-8"?>
<!-- Generated by org.testng.reporters.JUnitReportReporter -->
<testsuite skipped="0" hostname="VivideMacBook-Pro.local" name="com.eisoo.anysharetest.AutoLocateTest" tests="3" failures="0" timestamp="11 Jun 2018 07:14:23 GMT" time="82.588" errors="0">
  <testcase name="openLink" time="25.794" classname="com.eisoo.anysharetest.AutoLocateTest"/>
  <testcase name="nolink" time="33.582" classname="com.eisoo.anysharetest.AutoLocateTest"/>
  <testcase name="cancelLink" time="23.212" classname="com.eisoo.anysharetest.AutoLocateTest"/>
</testsuite> <!-- com.eisoo.anysharetest.AutoLocateTest -->
