<?xml version="1.0" encoding="UTF-8"?>
<!-- Generated by org.testng.reporters.JUnitReportReporter -->
<testsuite skipped="0" hostname="VivideMacBook-Pro.local" name="com.eisoo.anysharetest.LanguageSetTest" tests="6" failures="0" timestamp="11 Jun 2018 06:43:42 GMT" time="247.758" errors="0">
  <testcase name="setbTraditionalHome" time="28.682" classname="com.eisoo.anysharetest.LanguageSetTest"/>
  <testcase name="setbEnHome" time="40.032" classname="com.eisoo.anysharetest.LanguageSetTest"/>
  <testcase name="setaEn" time="39.236" classname="com.eisoo.anysharetest.LanguageSetTest"/>
  <testcase name="setcChHome" time="26.551" classname="com.eisoo.anysharetest.LanguageSetTest"/>
  <testcase name="setaTraditional" time="57.123" classname="com.eisoo.anysharetest.LanguageSetTest"/>
  <testcase name="setbCh" time="56.134" classname="com.eisoo.anysharetest.LanguageSetTest"/>
</testsuite> <!-- com.eisoo.anysharetest.LanguageSetTest -->
