<?xml version="1.0" encoding="UTF-8"?>
<!-- Generated by org.testng.reporters.JUnitReportReporter -->
<testsuite skipped="0" hostname="VivideMacBook-Pro.local" name="com.eisoo.anysharetest.BtopenTest" tests="1" failures="0" timestamp="23 Aug 2018 06:03:48 GMT" time="41.205" errors="0">
  <testcase name="openExcel" time="41.205" classname="com.eisoo.anysharetest.BtopenTest"/>
</testsuite> <!-- com.eisoo.anysharetest.BtopenTest -->
