<?xml version="1.0" encoding="UTF-8"?>
<!-- Generated by org.testng.reporters.JUnitReportReporter -->
<testsuite skipped="0" hostname="VivideMacBook-Pro.local" name="com.eisoo.anysharetest.GestureTest" tests="4" failures="0" timestamp="11 Jun 2018 06:36:55 GMT" time="237.782" errors="0">
  <testcase name="h2_modifyTest" time="64.459" classname="com.eisoo.anysharetest.GestureTest"/>
  <testcase name="h2_unlockTest" time="37.423" classname="com.eisoo.anysharetest.GestureTest"/>
  <testcase name="h1_setOnTest" time="91.711" classname="com.eisoo.anysharetest.GestureTest"/>
  <testcase name="h3_setOffTest" time="44.189" classname="com.eisoo.anysharetest.GestureTest"/>
</testsuite> <!-- com.eisoo.anysharetest.GestureTest -->
