<?xml version="1.0" encoding="UTF-8"?>
<!-- Generated by org.testng.reporters.JUnitReportReporter -->
<testsuite skipped="0" hostname="VivideMacBook-Pro.local" name="com.eisoo.anysharetest.BackupTest" tests="1" failures="0" timestamp="11 Jun 2018 06:26:23 GMT" time="99.256" errors="0">
  <testcase name="j4_wifiBackup" time="99.256" classname="com.eisoo.anysharetest.BackupTest"/>
</testsuite> <!-- com.eisoo.anysharetest.BackupTest -->
