<?xml version="1.0" encoding="UTF-8"?>
<!-- Generated by org.testng.reporters.JUnitReportReporter -->
<testsuite skipped="0" hostname="VivideMacBook-Pro.local" name="com.eisoo.anysharetest.openFileTest" tests="5" failures="0" timestamp="11 Jun 2018 09:43:36 GMT" time="254.641" errors="0">
  <testcase name="openFile" time="52.091" classname="com.eisoo.anysharetest.openFileTest"/>
  <testcase name="d_openExcel" time="52.539" classname="com.eisoo.anysharetest.openFileTest"/>
  <testcase name="openPic" time="53.464" classname="com.eisoo.anysharetest.openFileTest"/>
  <testcase name="openAudio" time="61.878" classname="com.eisoo.anysharetest.openFileTest"/>
  <testcase name="openVideo" time="34.669" classname="com.eisoo.anysharetest.openFileTest"/>
</testsuite> <!-- com.eisoo.anysharetest.openFileTest -->
