<?xml version="1.0" encoding="UTF-8"?>
<!-- Generated by org.testng.reporters.JUnitReportReporter -->
<testsuite hostname="VivideMacBook-Pro.local" name="com.eisoo.anysharetest.BaseTest" tests="1" failures="0" timestamp="21 Mar 2018 02:56:28 GMT" time="62.877" errors="0">
  <testcase name="loginDomainTest" time="62.877" classname="com.eisoo.anysharetest.BaseTest"/>
</testsuite> <!-- com.eisoo.anysharetest.BaseTest -->
