<?xml version="1.0" encoding="UTF-8"?>
<!-- Generated by org.testng.reporters.JUnitReportReporter -->
<testsuite skipped="0" hostname="VivideMacBook-Pro.local" name="com.eisoo.anysharetest.MarkTest" tests="2" failures="0" timestamp="11 Jun 2018 02:21:03 GMT" time="56.400" errors="0">
  <testcase name="markAnyFile" time="26.731" classname="com.eisoo.anysharetest.MarkTest"/>
  <testcase name="unmarkAnyFile" time="29.669" classname="com.eisoo.anysharetest.MarkTest"/>
</testsuite> <!-- com.eisoo.anysharetest.MarkTest -->
