<?xml version="1.0" encoding="UTF-8"?>
<!-- Generated by org.testng.reporters.JUnitReportReporter -->
<testsuite skipped="0" hostname="VivideMacBook-Pro.local" name="com.eisoo.anysharetest.FilelistTest" tests="7" failures="0" timestamp="11 Jun 2018 09:02:03 GMT" time="311.600" errors="0">
  <testcase name="asearchInlink" time="59.092" classname="com.eisoo.anysharetest.FilelistTest"/>
  <testcase name="searchKws" time="27.878" classname="com.eisoo.anysharetest.FilelistTest"/>
  <testcase name="delFile" time="22.280" classname="com.eisoo.anysharetest.FilelistTest"/>
  <testcase name="searchAlldir" time="57.178" classname="com.eisoo.anysharetest.FilelistTest"/>
  <testcase name="searchExlink" time="61.142" classname="com.eisoo.anysharetest.FilelistTest"/>
  <testcase name="renameFile" time="54.533" classname="com.eisoo.anysharetest.FilelistTest"/>
  <testcase name="delFiles" time="29.497" classname="com.eisoo.anysharetest.FilelistTest"/>
</testsuite> <!-- com.eisoo.anysharetest.FilelistTest -->
