<?xml version="1.0" encoding="UTF-8"?>
<!-- Generated by org.testng.reporters.JUnitReportReporter -->
<testsuite skipped="0" hostname="VivideMacBook-Pro.local" name="com.eisoo.anysharetest.CommtTest" tests="5" failures="0" timestamp="08 Jun 2018 08:43:46 GMT" time="302.423" errors="0">
  <testcase name="addcomm_diffChar" time="54.947" classname="com.eisoo.anysharetest.CommtTest"/>
  <testcase name="addcomm_overlimit" time="61.810" classname="com.eisoo.anysharetest.CommtTest"/>
  <testcase name="delcommt" time="61.336" classname="com.eisoo.anysharetest.CommtTest"/>
  <testcase name="addcomm_inlimit" time="59.549" classname="com.eisoo.anysharetest.CommtTest"/>
  <testcase name="replycommt" time="64.781" classname="com.eisoo.anysharetest.CommtTest"/>
</testsuite> <!-- com.eisoo.anysharetest.CommtTest -->
