<?xml version="1.0" encoding="UTF-8"?>
<!-- Generated by org.testng.reporters.JUnitReportReporter -->
<testsuite skipped="0" hostname="VivideMacBook-Pro.local" name="com.eisoo.anysharetest.DemoTest" tests="4" failures="0" timestamp="10 Apr 2018 07:01:57 GMT" time="0.010" errors="0">
  <testcase name="f1" time="0.002" classname="com.eisoo.anysharetest.DemoTest"/>
  <testcase name="f1" time="0.006" classname="com.eisoo.anysharetest.DemoTest"/>
  <testcase name="f2" time="0.001" classname="com.eisoo.anysharetest.DemoTest"/>
  <testcase name="f2" time="0.001" classname="com.eisoo.anysharetest.DemoTest"/>
</testsuite> <!-- com.eisoo.anysharetest.DemoTest -->
