<?xml version="1.0" encoding="UTF-8"?>
<!-- Generated by org.testng.reporters.JUnitReportReporter -->
<testsuite skipped="0" hostname="VivideMacBook-Pro.local" name="com.eisoo.anysharetest.CopyMove" tests="8" failures="0" timestamp="08 Jun 2018 09:41:38 GMT" time="738.610" errors="0">
  <testcase name="e_moveAllFiles" time="83.355" classname="com.eisoo.anysharetest.CopyMove"/>
  <testcase name="e_moveFile" time="119.772" classname="com.eisoo.anysharetest.CopyMove"/>
  <testcase name="e_copyFile" time="92.974" classname="com.eisoo.anysharetest.CopyMove"/>
  <testcase name="e_copyAllFiles" time="106.038" classname="com.eisoo.anysharetest.CopyMove"/>
  <testcase name="e_moveFiles" time="111.598" classname="com.eisoo.anysharetest.CopyMove"/>
  <testcase name="e_copyFileSingle" time="79.298" classname="com.eisoo.anysharetest.CopyMove"/>
  <testcase name="e_copyFiles" time="68.690" classname="com.eisoo.anysharetest.CopyMove"/>
  <testcase name="e_moveFileSingle" time="76.885" classname="com.eisoo.anysharetest.CopyMove"/>
</testsuite> <!-- com.eisoo.anysharetest.CopyMove -->
