<?xml version="1.0" encoding="UTF-8"?>
<!-- Generated by org.testng.reporters.JUnitReportReporter -->
<testsuite skipped="0" hostname="VivideMacBook-Pro.local" name="com.eisoo.anysharetest.UploadTest" tests="1" failures="0" timestamp="08 Jun 2018 08:33:00 GMT" time="46.659" errors="0">
  <testcase name="uploadTakePhoto" time="46.659" classname="com.eisoo.anysharetest.UploadTest"/>
</testsuite> <!-- com.eisoo.anysharetest.UploadTest -->
