<?xml version="1.0" encoding="UTF-8"?>
<!-- Generated by org.testng.reporters.JUnitReportReporter -->
<testsuite skipped="0" hostname="VivideMacBook-Pro.local" name="com.eisoo.anysharetest.sortTest" tests="2" failures="0" timestamp="11 Jun 2018 02:33:15 GMT" time="67.261" errors="0">
  <testcase name="thumbnail_View" time="38.835" classname="com.eisoo.anysharetest.sortTest"/>
  <testcase name="timeOrder" time="28.426" classname="com.eisoo.anysharetest.sortTest"/>
</testsuite> <!-- com.eisoo.anysharetest.sortTest -->
